0    [AWT-EventQueue-0] INFO  ca.sqlpower.architect.ArchitectUtils  - Log4J configured successfully
1088 [AWT-EventQueue-0] INFO  ca.sqlpower.sql.PlDotIni  - Beginning to read/merge new pl.ini data
1182 [AWT-EventQueue-0] INFO  ca.sqlpower.sql.PlDotIni  - Finished reading file.
1182 [AWT-EventQueue-0] INFO  ca.sqlpower.sql.PlDotIni  - Beginning to read/merge new pl.ini data
1307 [AWT-EventQueue-0] INFO  ca.sqlpower.sql.PlDotIni  - Finished reading file.
1745 [AWT-EventQueue-0] ERROR org.apache.commons.digester.Digester  - Begin event threw exception
java.lang.reflect.InvocationTargetException
	at sun.reflect.GeneratedMethodAccessor18.invoke(Unknown Source)
	at sun.reflect.DelegatingMethodAccessorImpl.invoke(Unknown Source)
	at java.lang.reflect.Method.invoke(Unknown Source)
	at org.apache.commons.beanutils.PropertyUtilsBean.invokeMethod(PropertyUtilsBean.java:1773)
	at org.apache.commons.beanutils.PropertyUtilsBean.setSimpleProperty(PropertyUtilsBean.java:1759)
	at org.apache.commons.beanutils.PropertyUtilsBean.setNestedProperty(PropertyUtilsBean.java:1648)
	at org.apache.commons.beanutils.PropertyUtilsBean.setProperty(PropertyUtilsBean.java:1677)
	at org.apache.commons.beanutils.BeanUtilsBean.setProperty(BeanUtilsBean.java:1022)
	at org.apache.commons.beanutils.BeanUtilsBean.populate(BeanUtilsBean.java:811)
	at org.apache.commons.beanutils.BeanUtils.populate(BeanUtils.java:298)
	at org.apache.commons.digester.SetPropertiesRule.begin(SetPropertiesRule.java:259)
	at org.apache.commons.digester.Rule.begin(Rule.java:200)
	at org.apache.commons.digester.Digester.startElement(Digester.java:1273)
	at ca.sqlpower.xml.UnescapingDefaultHandler.startElement(UnescapingDefaultHandler.java:235)
	at org.apache.xerces.parsers.AbstractSAXParser.startElement(Unknown Source)
	at org.apache.xerces.impl.XMLDocumentFragmentScannerImpl.scanStartElement(Unknown Source)
	at org.apache.xerces.impl.XMLDocumentFragmentScannerImpl$FragmentContentDispatcher.dispatch(Unknown Source)
	at org.apache.xerces.impl.XMLDocumentFragmentScannerImpl.scanDocument(Unknown Source)
	at org.apache.xerces.parsers.XML11Configuration.parse(Unknown Source)
	at org.apache.xerces.parsers.XML11Configuration.parse(Unknown Source)
	at org.apache.xerces.parsers.XMLParser.parse(Unknown Source)
	at org.apache.xerces.parsers.AbstractSAXParser.parse(Unknown Source)
	at org.apache.xerces.jaxp.SAXParserImpl$JAXPSAXParser.parse(Unknown Source)
	at ca.sqlpower.xml.UnescapingXMLReader.parse(UnescapingXMLReader.java:99)
	at org.apache.commons.digester.Digester.parse(Digester.java:1567)
	at ca.sqlpower.architect.ProjectLoader.load(ProjectLoader.java:222)
	at ca.sqlpower.architect.swingui.SwingUIProjectLoader.load(SwingUIProjectLoader.java:223)
	at ca.sqlpower.architect.swingui.SwingUIProjectLoader.load(SwingUIProjectLoader.java:185)
	at ca.sqlpower.architect.swingui.ArchitectSwingSessionContextImpl.createSession(ArchitectSwingSessionContextImpl.java:194)
	at ca.sqlpower.architect.swingui.ArchitectFrame$25.run(ArchitectFrame.java:1401)
	at java.awt.event.InvocationEvent.dispatch(Unknown Source)
	at java.awt.EventQueue.dispatchEventImpl(Unknown Source)
	at java.awt.EventQueue.access$500(Unknown Source)
	at java.awt.EventQueue$3.run(Unknown Source)
	at java.awt.EventQueue$3.run(Unknown Source)
	at java.security.AccessController.doPrivileged(Native Method)
	at java.security.ProtectionDomain$JavaSecurityAccessImpl.doIntersectionPrivilege(Unknown Source)
	at java.awt.EventQueue.dispatchEvent(Unknown Source)
	at java.awt.EventDispatchThread.pumpOneEventForFilters(Unknown Source)
	at java.awt.EventDispatchThread.pumpEventsForFilter(Unknown Source)
	at java.awt.EventDispatchThread.pumpEventsForHierarchy(Unknown Source)
	at java.awt.EventDispatchThread.pumpEvents(Unknown Source)
	at java.awt.EventDispatchThread.pumpEvents(Unknown Source)
	at java.awt.EventDispatchThread.run(Unknown Source)
Caused by: java.lang.NullPointerException
	at ca.sqlpower.sqlobject.SQLColumn.getTypeName(SQLColumn.java:769)
	at ca.sqlpower.sqlobject.SQLColumn.getShortDisplayName(SQLColumn.java:791)
	at ca.sqlpower.sqlobject.SQLColumn.toString(SQLColumn.java:718)
	at java.lang.String.valueOf(Unknown Source)
	at java.lang.StringBuilder.append(Unknown Source)
	at ca.sqlpower.object.AbstractSPObject.fireTransactionEnded(AbstractSPObject.java:548)
	at ca.sqlpower.object.AbstractSPObject.commit(AbstractSPObject.java:627)
	at ca.sqlpower.sqlobject.SQLColumn.setPrecision(SQLColumn.java:1008)
	... 44 more
1745 [AWT-EventQueue-0] ERROR ca.sqlpower.architect.ProjectLoader  - SAX Exception in project file parse!
org.xml.sax.SAXParseException; lineNumber: 92; columnNumber: 380; Error at (92, 380: null
	at org.apache.commons.digester.Digester.createSAXException(Digester.java:2540)
	at org.apache.commons.digester.Digester.createSAXException(Digester.java:2566)
	at org.apache.commons.digester.Digester.startElement(Digester.java:1276)
	at ca.sqlpower.xml.UnescapingDefaultHandler.startElement(UnescapingDefaultHandler.java:235)
	at org.apache.xerces.parsers.AbstractSAXParser.startElement(Unknown Source)
	at org.apache.xerces.impl.XMLDocumentFragmentScannerImpl.scanStartElement(Unknown Source)
	at org.apache.xerces.impl.XMLDocumentFragmentScannerImpl$FragmentContentDispatcher.dispatch(Unknown Source)
	at org.apache.xerces.impl.XMLDocumentFragmentScannerImpl.scanDocument(Unknown Source)
	at org.apache.xerces.parsers.XML11Configuration.parse(Unknown Source)
	at org.apache.xerces.parsers.XML11Configuration.parse(Unknown Source)
	at org.apache.xerces.parsers.XMLParser.parse(Unknown Source)
	at org.apache.xerces.parsers.AbstractSAXParser.parse(Unknown Source)
	at org.apache.xerces.jaxp.SAXParserImpl$JAXPSAXParser.parse(Unknown Source)
	at ca.sqlpower.xml.UnescapingXMLReader.parse(UnescapingXMLReader.java:99)
	at org.apache.commons.digester.Digester.parse(Digester.java:1567)
	at ca.sqlpower.architect.ProjectLoader.load(ProjectLoader.java:222)
	at ca.sqlpower.architect.swingui.SwingUIProjectLoader.load(SwingUIProjectLoader.java:223)
	at ca.sqlpower.architect.swingui.SwingUIProjectLoader.load(SwingUIProjectLoader.java:185)
	at ca.sqlpower.architect.swingui.ArchitectSwingSessionContextImpl.createSession(ArchitectSwingSessionContextImpl.java:194)
	at ca.sqlpower.architect.swingui.ArchitectFrame$25.run(ArchitectFrame.java:1401)
	at java.awt.event.InvocationEvent.dispatch(Unknown Source)
	at java.awt.EventQueue.dispatchEventImpl(Unknown Source)
	at java.awt.EventQueue.access$500(Unknown Source)
	at java.awt.EventQueue$3.run(Unknown Source)
	at java.awt.EventQueue$3.run(Unknown Source)
	at java.security.AccessController.doPrivileged(Native Method)
	at java.security.ProtectionDomain$JavaSecurityAccessImpl.doIntersectionPrivilege(Unknown Source)
	at java.awt.EventQueue.dispatchEvent(Unknown Source)
	at java.awt.EventDispatchThread.pumpOneEventForFilters(Unknown Source)
	at java.awt.EventDispatchThread.pumpEventsForFilter(Unknown Source)
	at java.awt.EventDispatchThread.pumpEventsForHierarchy(Unknown Source)
	at java.awt.EventDispatchThread.pumpEvents(Unknown Source)
	at java.awt.EventDispatchThread.pumpEvents(Unknown Source)
	at java.awt.EventDispatchThread.run(Unknown Source)
Caused by: java.lang.NullPointerException
	at ca.sqlpower.sqlobject.SQLColumn.getTypeName(SQLColumn.java:769)
	at ca.sqlpower.sqlobject.SQLColumn.getShortDisplayName(SQLColumn.java:791)
	at ca.sqlpower.sqlobject.SQLColumn.toString(SQLColumn.java:718)
	at java.lang.String.valueOf(Unknown Source)
	at java.lang.StringBuilder.append(Unknown Source)
	at ca.sqlpower.object.AbstractSPObject.fireTransactionEnded(AbstractSPObject.java:548)
	at ca.sqlpower.object.AbstractSPObject.commit(AbstractSPObject.java:627)
	at ca.sqlpower.sqlobject.SQLColumn.setPrecision(SQLColumn.java:1008)
	at sun.reflect.GeneratedMethodAccessor18.invoke(Unknown Source)
	at sun.reflect.DelegatingMethodAccessorImpl.invoke(Unknown Source)
	at java.lang.reflect.Method.invoke(Unknown Source)
	at org.apache.commons.beanutils.PropertyUtilsBean.invokeMethod(PropertyUtilsBean.java:1773)
	at org.apache.commons.beanutils.PropertyUtilsBean.setSimpleProperty(PropertyUtilsBean.java:1759)
	at org.apache.commons.beanutils.PropertyUtilsBean.setNestedProperty(PropertyUtilsBean.java:1648)
	at org.apache.commons.beanutils.PropertyUtilsBean.setProperty(PropertyUtilsBean.java:1677)
	at org.apache.commons.beanutils.BeanUtilsBean.setProperty(BeanUtilsBean.java:1022)
	at org.apache.commons.beanutils.BeanUtilsBean.populate(BeanUtilsBean.java:811)
	at org.apache.commons.beanutils.BeanUtils.populate(BeanUtils.java:298)
	at org.apache.commons.digester.SetPropertiesRule.begin(SetPropertiesRule.java:259)
	at org.apache.commons.digester.Rule.begin(Rule.java:200)
	at org.apache.commons.digester.Digester.startElement(Digester.java:1273)
	... 31 more
0    [AWT-EventQueue-0] INFO  ca.sqlpower.architect.ArchitectUtils  - Log4J configured successfully
1068 [AWT-EventQueue-0] INFO  ca.sqlpower.sql.PlDotIni  - Beginning to read/merge new pl.ini data
1193 [AWT-EventQueue-0] INFO  ca.sqlpower.sql.PlDotIni  - Finished reading file.
1193 [AWT-EventQueue-0] INFO  ca.sqlpower.sql.PlDotIni  - Beginning to read/merge new pl.ini data
1287 [AWT-EventQueue-0] INFO  ca.sqlpower.sql.PlDotIni  - Finished reading file.
1756 [AWT-EventQueue-0] ERROR org.apache.commons.digester.Digester  - Begin event threw exception
java.lang.reflect.InvocationTargetException
	at sun.reflect.GeneratedMethodAccessor18.invoke(Unknown Source)
	at sun.reflect.DelegatingMethodAccessorImpl.invoke(Unknown Source)
	at java.lang.reflect.Method.invoke(Unknown Source)
	at org.apache.commons.beanutils.PropertyUtilsBean.invokeMethod(PropertyUtilsBean.java:1773)
	at org.apache.commons.beanutils.PropertyUtilsBean.setSimpleProperty(PropertyUtilsBean.java:1759)
	at org.apache.commons.beanutils.PropertyUtilsBean.setNestedProperty(PropertyUtilsBean.java:1648)
	at org.apache.commons.beanutils.PropertyUtilsBean.setProperty(PropertyUtilsBean.java:1677)
	at org.apache.commons.beanutils.BeanUtilsBean.setProperty(BeanUtilsBean.java:1022)
	at org.apache.commons.beanutils.BeanUtilsBean.populate(BeanUtilsBean.java:811)
	at org.apache.commons.beanutils.BeanUtils.populate(BeanUtils.java:298)
	at org.apache.commons.digester.SetPropertiesRule.begin(SetPropertiesRule.java:259)
	at org.apache.commons.digester.Rule.begin(Rule.java:200)
	at org.apache.commons.digester.Digester.startElement(Digester.java:1273)
	at ca.sqlpower.xml.UnescapingDefaultHandler.startElement(UnescapingDefaultHandler.java:235)
	at org.apache.xerces.parsers.AbstractSAXParser.startElement(Unknown Source)
	at org.apache.xerces.impl.XMLDocumentFragmentScannerImpl.scanStartElement(Unknown Source)
	at org.apache.xerces.impl.XMLDocumentFragmentScannerImpl$FragmentContentDispatcher.dispatch(Unknown Source)
	at org.apache.xerces.impl.XMLDocumentFragmentScannerImpl.scanDocument(Unknown Source)
	at org.apache.xerces.parsers.XML11Configuration.parse(Unknown Source)
	at org.apache.xerces.parsers.XML11Configuration.parse(Unknown Source)
	at org.apache.xerces.parsers.XMLParser.parse(Unknown Source)
	at org.apache.xerces.parsers.AbstractSAXParser.parse(Unknown Source)
	at org.apache.xerces.jaxp.SAXParserImpl$JAXPSAXParser.parse(Unknown Source)
	at ca.sqlpower.xml.UnescapingXMLReader.parse(UnescapingXMLReader.java:99)
	at org.apache.commons.digester.Digester.parse(Digester.java:1567)
	at ca.sqlpower.architect.ProjectLoader.load(ProjectLoader.java:222)
	at ca.sqlpower.architect.swingui.SwingUIProjectLoader.load(SwingUIProjectLoader.java:223)
	at ca.sqlpower.architect.swingui.SwingUIProjectLoader.load(SwingUIProjectLoader.java:185)
	at ca.sqlpower.architect.swingui.ArchitectSwingSessionContextImpl.createSession(ArchitectSwingSessionContextImpl.java:194)
	at ca.sqlpower.architect.swingui.ArchitectFrame$25.run(ArchitectFrame.java:1401)
	at java.awt.event.InvocationEvent.dispatch(Unknown Source)
	at java.awt.EventQueue.dispatchEventImpl(Unknown Source)
	at java.awt.EventQueue.access$500(Unknown Source)
	at java.awt.EventQueue$3.run(Unknown Source)
	at java.awt.EventQueue$3.run(Unknown Source)
	at java.security.AccessController.doPrivileged(Native Method)
	at java.security.ProtectionDomain$JavaSecurityAccessImpl.doIntersectionPrivilege(Unknown Source)
	at java.awt.EventQueue.dispatchEvent(Unknown Source)
	at java.awt.EventDispatchThread.pumpOneEventForFilters(Unknown Source)
	at java.awt.EventDispatchThread.pumpEventsForFilter(Unknown Source)
	at java.awt.EventDispatchThread.pumpEventsForHierarchy(Unknown Source)
	at java.awt.EventDispatchThread.pumpEvents(Unknown Source)
	at java.awt.EventDispatchThread.pumpEvents(Unknown Source)
	at java.awt.EventDispatchThread.run(Unknown Source)
Caused by: java.lang.NullPointerException
	at ca.sqlpower.sqlobject.SQLColumn.getTypeName(SQLColumn.java:769)
	at ca.sqlpower.sqlobject.SQLColumn.getShortDisplayName(SQLColumn.java:791)
	at ca.sqlpower.sqlobject.SQLColumn.toString(SQLColumn.java:718)
	at java.lang.String.valueOf(Unknown Source)
	at java.lang.StringBuilder.append(Unknown Source)
	at ca.sqlpower.object.AbstractSPObject.fireTransactionEnded(AbstractSPObject.java:548)
	at ca.sqlpower.object.AbstractSPObject.commit(AbstractSPObject.java:627)
	at ca.sqlpower.sqlobject.SQLColumn.setPrecision(SQLColumn.java:1008)
	... 44 more
1756 [AWT-EventQueue-0] ERROR ca.sqlpower.architect.ProjectLoader  - SAX Exception in project file parse!
org.xml.sax.SAXParseException; lineNumber: 92; columnNumber: 380; Error at (92, 380: null
	at org.apache.commons.digester.Digester.createSAXException(Digester.java:2540)
	at org.apache.commons.digester.Digester.createSAXException(Digester.java:2566)
	at org.apache.commons.digester.Digester.startElement(Digester.java:1276)
	at ca.sqlpower.xml.UnescapingDefaultHandler.startElement(UnescapingDefaultHandler.java:235)
	at org.apache.xerces.parsers.AbstractSAXParser.startElement(Unknown Source)
	at org.apache.xerces.impl.XMLDocumentFragmentScannerImpl.scanStartElement(Unknown Source)
	at org.apache.xerces.impl.XMLDocumentFragmentScannerImpl$FragmentContentDispatcher.dispatch(Unknown Source)
	at org.apache.xerces.impl.XMLDocumentFragmentScannerImpl.scanDocument(Unknown Source)
	at org.apache.xerces.parsers.XML11Configuration.parse(Unknown Source)
	at org.apache.xerces.parsers.XML11Configuration.parse(Unknown Source)
	at org.apache.xerces.parsers.XMLParser.parse(Unknown Source)
	at org.apache.xerces.parsers.AbstractSAXParser.parse(Unknown Source)
	at org.apache.xerces.jaxp.SAXParserImpl$JAXPSAXParser.parse(Unknown Source)
	at ca.sqlpower.xml.UnescapingXMLReader.parse(UnescapingXMLReader.java:99)
	at org.apache.commons.digester.Digester.parse(Digester.java:1567)
	at ca.sqlpower.architect.ProjectLoader.load(ProjectLoader.java:222)
	at ca.sqlpower.architect.swingui.SwingUIProjectLoader.load(SwingUIProjectLoader.java:223)
	at ca.sqlpower.architect.swingui.SwingUIProjectLoader.load(SwingUIProjectLoader.java:185)
	at ca.sqlpower.architect.swingui.ArchitectSwingSessionContextImpl.createSession(ArchitectSwingSessionContextImpl.java:194)
	at ca.sqlpower.architect.swingui.ArchitectFrame$25.run(ArchitectFrame.java:1401)
	at java.awt.event.InvocationEvent.dispatch(Unknown Source)
	at java.awt.EventQueue.dispatchEventImpl(Unknown Source)
	at java.awt.EventQueue.access$500(Unknown Source)
	at java.awt.EventQueue$3.run(Unknown Source)
	at java.awt.EventQueue$3.run(Unknown Source)
	at java.security.AccessController.doPrivileged(Native Method)
	at java.security.ProtectionDomain$JavaSecurityAccessImpl.doIntersectionPrivilege(Unknown Source)
	at java.awt.EventQueue.dispatchEvent(Unknown Source)
	at java.awt.EventDispatchThread.pumpOneEventForFilters(Unknown Source)
	at java.awt.EventDispatchThread.pumpEventsForFilter(Unknown Source)
	at java.awt.EventDispatchThread.pumpEventsForHierarchy(Unknown Source)
	at java.awt.EventDispatchThread.pumpEvents(Unknown Source)
	at java.awt.EventDispatchThread.pumpEvents(Unknown Source)
	at java.awt.EventDispatchThread.run(Unknown Source)
Caused by: java.lang.NullPointerException
	at ca.sqlpower.sqlobject.SQLColumn.getTypeName(SQLColumn.java:769)
	at ca.sqlpower.sqlobject.SQLColumn.getShortDisplayName(SQLColumn.java:791)
	at ca.sqlpower.sqlobject.SQLColumn.toString(SQLColumn.java:718)
	at java.lang.String.valueOf(Unknown Source)
	at java.lang.StringBuilder.append(Unknown Source)
	at ca.sqlpower.object.AbstractSPObject.fireTransactionEnded(AbstractSPObject.java:548)
	at ca.sqlpower.object.AbstractSPObject.commit(AbstractSPObject.java:627)
	at ca.sqlpower.sqlobject.SQLColumn.setPrecision(SQLColumn.java:1008)
	at sun.reflect.GeneratedMethodAccessor18.invoke(Unknown Source)
	at sun.reflect.DelegatingMethodAccessorImpl.invoke(Unknown Source)
	at java.lang.reflect.Method.invoke(Unknown Source)
	at org.apache.commons.beanutils.PropertyUtilsBean.invokeMethod(PropertyUtilsBean.java:1773)
	at org.apache.commons.beanutils.PropertyUtilsBean.setSimpleProperty(PropertyUtilsBean.java:1759)
	at org.apache.commons.beanutils.PropertyUtilsBean.setNestedProperty(PropertyUtilsBean.java:1648)
	at org.apache.commons.beanutils.PropertyUtilsBean.setProperty(PropertyUtilsBean.java:1677)
	at org.apache.commons.beanutils.BeanUtilsBean.setProperty(BeanUtilsBean.java:1022)
	at org.apache.commons.beanutils.BeanUtilsBean.populate(BeanUtilsBean.java:811)
	at org.apache.commons.beanutils.BeanUtils.populate(BeanUtils.java:298)
	at org.apache.commons.digester.SetPropertiesRule.begin(SetPropertiesRule.java:259)
	at org.apache.commons.digester.Rule.begin(Rule.java:200)
	at org.apache.commons.digester.Digester.startElement(Digester.java:1273)
	... 31 more
0    [AWT-EventQueue-0] INFO  ca.sqlpower.architect.ArchitectUtils  - Log4J configured successfully
1188 [AWT-EventQueue-0] INFO  ca.sqlpower.sql.PlDotIni  - Beginning to read/merge new pl.ini data
1282 [AWT-EventQueue-0] INFO  ca.sqlpower.sql.PlDotIni  - Finished reading file.
1282 [AWT-EventQueue-0] INFO  ca.sqlpower.sql.PlDotIni  - Beginning to read/merge new pl.ini data
1360 [AWT-EventQueue-0] INFO  ca.sqlpower.sql.PlDotIni  - Finished reading file.
1782 [AWT-EventQueue-0] ERROR org.apache.commons.digester.Digester  - Begin event threw exception
java.lang.reflect.InvocationTargetException
	at sun.reflect.GeneratedMethodAccessor18.invoke(Unknown Source)
	at sun.reflect.DelegatingMethodAccessorImpl.invoke(Unknown Source)
	at java.lang.reflect.Method.invoke(Unknown Source)
	at org.apache.commons.beanutils.PropertyUtilsBean.invokeMethod(PropertyUtilsBean.java:1773)
	at org.apache.commons.beanutils.PropertyUtilsBean.setSimpleProperty(PropertyUtilsBean.java:1759)
	at org.apache.commons.beanutils.PropertyUtilsBean.setNestedProperty(PropertyUtilsBean.java:1648)
	at org.apache.commons.beanutils.PropertyUtilsBean.setProperty(PropertyUtilsBean.java:1677)
	at org.apache.commons.beanutils.BeanUtilsBean.setProperty(BeanUtilsBean.java:1022)
	at org.apache.commons.beanutils.BeanUtilsBean.populate(BeanUtilsBean.java:811)
	at org.apache.commons.beanutils.BeanUtils.populate(BeanUtils.java:298)
	at org.apache.commons.digester.SetPropertiesRule.begin(SetPropertiesRule.java:259)
	at org.apache.commons.digester.Rule.begin(Rule.java:200)
	at org.apache.commons.digester.Digester.startElement(Digester.java:1273)
	at ca.sqlpower.xml.UnescapingDefaultHandler.startElement(UnescapingDefaultHandler.java:235)
	at org.apache.xerces.parsers.AbstractSAXParser.startElement(Unknown Source)
	at org.apache.xerces.impl.XMLDocumentFragmentScannerImpl.scanStartElement(Unknown Source)
	at org.apache.xerces.impl.XMLDocumentFragmentScannerImpl$FragmentContentDispatcher.dispatch(Unknown Source)
	at org.apache.xerces.impl.XMLDocumentFragmentScannerImpl.scanDocument(Unknown Source)
	at org.apache.xerces.parsers.XML11Configuration.parse(Unknown Source)
	at org.apache.xerces.parsers.XML11Configuration.parse(Unknown Source)
	at org.apache.xerces.parsers.XMLParser.parse(Unknown Source)
	at org.apache.xerces.parsers.AbstractSAXParser.parse(Unknown Source)
	at org.apache.xerces.jaxp.SAXParserImpl$JAXPSAXParser.parse(Unknown Source)
	at ca.sqlpower.xml.UnescapingXMLReader.parse(UnescapingXMLReader.java:99)
	at org.apache.commons.digester.Digester.parse(Digester.java:1567)
	at ca.sqlpower.architect.ProjectLoader.load(ProjectLoader.java:222)
	at ca.sqlpower.architect.swingui.SwingUIProjectLoader.load(SwingUIProjectLoader.java:223)
	at ca.sqlpower.architect.swingui.SwingUIProjectLoader.load(SwingUIProjectLoader.java:185)
	at ca.sqlpower.architect.swingui.ArchitectSwingSessionContextImpl.createSession(ArchitectSwingSessionContextImpl.java:194)
	at ca.sqlpower.architect.swingui.ArchitectFrame$25.run(ArchitectFrame.java:1401)
	at java.awt.event.InvocationEvent.dispatch(Unknown Source)
	at java.awt.EventQueue.dispatchEventImpl(Unknown Source)
	at java.awt.EventQueue.access$500(Unknown Source)
	at java.awt.EventQueue$3.run(Unknown Source)
	at java.awt.EventQueue$3.run(Unknown Source)
	at java.security.AccessController.doPrivileged(Native Method)
	at java.security.ProtectionDomain$JavaSecurityAccessImpl.doIntersectionPrivilege(Unknown Source)
	at java.awt.EventQueue.dispatchEvent(Unknown Source)
	at java.awt.EventDispatchThread.pumpOneEventForFilters(Unknown Source)
	at java.awt.EventDispatchThread.pumpEventsForFilter(Unknown Source)
	at java.awt.EventDispatchThread.pumpEventsForHierarchy(Unknown Source)
	at java.awt.EventDispatchThread.pumpEvents(Unknown Source)
	at java.awt.EventDispatchThread.pumpEvents(Unknown Source)
	at java.awt.EventDispatchThread.run(Unknown Source)
Caused by: java.lang.NullPointerException
	at ca.sqlpower.sqlobject.SQLColumn.getTypeName(SQLColumn.java:769)
	at ca.sqlpower.sqlobject.SQLColumn.getShortDisplayName(SQLColumn.java:791)
	at ca.sqlpower.sqlobject.SQLColumn.toString(SQLColumn.java:718)
	at java.lang.String.valueOf(Unknown Source)
	at java.lang.StringBuilder.append(Unknown Source)
	at ca.sqlpower.object.AbstractSPObject.fireTransactionEnded(AbstractSPObject.java:548)
	at ca.sqlpower.object.AbstractSPObject.commit(AbstractSPObject.java:627)
	at ca.sqlpower.sqlobject.SQLColumn.setPrecision(SQLColumn.java:1008)
	... 44 more
1782 [AWT-EventQueue-0] ERROR ca.sqlpower.architect.ProjectLoader  - SAX Exception in project file parse!
org.xml.sax.SAXParseException; lineNumber: 92; columnNumber: 380; Error at (92, 380: null
	at org.apache.commons.digester.Digester.createSAXException(Digester.java:2540)
	at org.apache.commons.digester.Digester.createSAXException(Digester.java:2566)
	at org.apache.commons.digester.Digester.startElement(Digester.java:1276)
	at ca.sqlpower.xml.UnescapingDefaultHandler.startElement(UnescapingDefaultHandler.java:235)
	at org.apache.xerces.parsers.AbstractSAXParser.startElement(Unknown Source)
	at org.apache.xerces.impl.XMLDocumentFragmentScannerImpl.scanStartElement(Unknown Source)
	at org.apache.xerces.impl.XMLDocumentFragmentScannerImpl$FragmentContentDispatcher.dispatch(Unknown Source)
	at org.apache.xerces.impl.XMLDocumentFragmentScannerImpl.scanDocument(Unknown Source)
	at org.apache.xerces.parsers.XML11Configuration.parse(Unknown Source)
	at org.apache.xerces.parsers.XML11Configuration.parse(Unknown Source)
	at org.apache.xerces.parsers.XMLParser.parse(Unknown Source)
	at org.apache.xerces.parsers.AbstractSAXParser.parse(Unknown Source)
	at org.apache.xerces.jaxp.SAXParserImpl$JAXPSAXParser.parse(Unknown Source)
	at ca.sqlpower.xml.UnescapingXMLReader.parse(UnescapingXMLReader.java:99)
	at org.apache.commons.digester.Digester.parse(Digester.java:1567)
	at ca.sqlpower.architect.ProjectLoader.load(ProjectLoader.java:222)
	at ca.sqlpower.architect.swingui.SwingUIProjectLoader.load(SwingUIProjectLoader.java:223)
	at ca.sqlpower.architect.swingui.SwingUIProjectLoader.load(SwingUIProjectLoader.java:185)
	at ca.sqlpower.architect.swingui.ArchitectSwingSessionContextImpl.createSession(ArchitectSwingSessionContextImpl.java:194)
	at ca.sqlpower.architect.swingui.ArchitectFrame$25.run(ArchitectFrame.java:1401)
	at java.awt.event.InvocationEvent.dispatch(Unknown Source)
	at java.awt.EventQueue.dispatchEventImpl(Unknown Source)
	at java.awt.EventQueue.access$500(Unknown Source)
	at java.awt.EventQueue$3.run(Unknown Source)
	at java.awt.EventQueue$3.run(Unknown Source)
	at java.security.AccessController.doPrivileged(Native Method)
	at java.security.ProtectionDomain$JavaSecurityAccessImpl.doIntersectionPrivilege(Unknown Source)
	at java.awt.EventQueue.dispatchEvent(Unknown Source)
	at java.awt.EventDispatchThread.pumpOneEventForFilters(Unknown Source)
	at java.awt.EventDispatchThread.pumpEventsForFilter(Unknown Source)
	at java.awt.EventDispatchThread.pumpEventsForHierarchy(Unknown Source)
	at java.awt.EventDispatchThread.pumpEvents(Unknown Source)
	at java.awt.EventDispatchThread.pumpEvents(Unknown Source)
	at java.awt.EventDispatchThread.run(Unknown Source)
Caused by: java.lang.NullPointerException
	at ca.sqlpower.sqlobject.SQLColumn.getTypeName(SQLColumn.java:769)
	at ca.sqlpower.sqlobject.SQLColumn.getShortDisplayName(SQLColumn.java:791)
	at ca.sqlpower.sqlobject.SQLColumn.toString(SQLColumn.java:718)
	at java.lang.String.valueOf(Unknown Source)
	at java.lang.StringBuilder.append(Unknown Source)
	at ca.sqlpower.object.AbstractSPObject.fireTransactionEnded(AbstractSPObject.java:548)
	at ca.sqlpower.object.AbstractSPObject.commit(AbstractSPObject.java:627)
	at ca.sqlpower.sqlobject.SQLColumn.setPrecision(SQLColumn.java:1008)
	at sun.reflect.GeneratedMethodAccessor18.invoke(Unknown Source)
	at sun.reflect.DelegatingMethodAccessorImpl.invoke(Unknown Source)
	at java.lang.reflect.Method.invoke(Unknown Source)
	at org.apache.commons.beanutils.PropertyUtilsBean.invokeMethod(PropertyUtilsBean.java:1773)
	at org.apache.commons.beanutils.PropertyUtilsBean.setSimpleProperty(PropertyUtilsBean.java:1759)
	at org.apache.commons.beanutils.PropertyUtilsBean.setNestedProperty(PropertyUtilsBean.java:1648)
	at org.apache.commons.beanutils.PropertyUtilsBean.setProperty(PropertyUtilsBean.java:1677)
	at org.apache.commons.beanutils.BeanUtilsBean.setProperty(BeanUtilsBean.java:1022)
	at org.apache.commons.beanutils.BeanUtilsBean.populate(BeanUtilsBean.java:811)
	at org.apache.commons.beanutils.BeanUtils.populate(BeanUtils.java:298)
	at org.apache.commons.digester.SetPropertiesRule.begin(SetPropertiesRule.java:259)
	at org.apache.commons.digester.Rule.begin(Rule.java:200)
	at org.apache.commons.digester.Digester.startElement(Digester.java:1273)
	... 31 more
